Arguments: 
  /usr/local/bin/node /usr/local/Cellar/yarn/1.10.1/libexec/bin/yarn.js add --dev pretier

PATH: 
  /Users/timotheeastier/.rvm/gems/ruby-2.2.1/bin:/Users/timotheeastier/.rvm/gems/ruby-2.2.1@global/bin:/Users/timotheeastier/.rvm/rubies/ruby-2.2.1/bin:/usr/local/bin:/usr/bin:/bin:/usr/sbin:/sbin:/usr/local/git/bin:/Applications/Postgres.app/Contents/Versions/latest/bin:/Users/timotheeastier/.rvm/bin

Yarn version: 
  1.10.1

Node version: 
  9.6.1

Platform: 
  darwin x64

Trace: 
  Error: https://registry.yarnpkg.com/pretier: Not found
      at Request.params.callback [as _callback] (/usr/local/Cellar/yarn/1.10.1/libexec/lib/cli.js:61073:18)
      at Request.self.callback (/usr/local/Cellar/yarn/1.10.1/libexec/lib/cli.js:120166:22)
      at Request.emit (events.js:127:13)
      at Request.<anonymous> (/usr/local/Cellar/yarn/1.10.1/libexec/lib/cli.js:121138:10)
      at Request.emit (events.js:127:13)
      at IncomingMessage.<anonymous> (/usr/local/Cellar/yarn/1.10.1/libexec/lib/cli.js:121060:12)
      at Object.onceWrapper (events.js:219:13)
      at IncomingMessage.emit (events.js:132:15)
      at endReadableNT (_stream_readable.js:1101:12)
      at process._tickCallback (internal/process/next_tick.js:152:19)

npm manifest: 
  {
    "name": "react-mini-hooks",
    "version": "1.0.0",
    "author": "Timothée Astier <timothee.astier@essec.edu> (https://github.com/TimAstier)",
    "description": "Reusable hooks for react components",
    "main": "src/index.js",
    "license": "MIT",
    "scripts": {
      "lint": "eslint src",
      "test": "echo \"Error: no test specified\" && exit 1"
    },
    "repository": {
      "type": "git",
      "url": "git+https://github.com/TimAstier/react-mini-hooks.git"
    },
    "keywords": [
      "react",
      "hooks",
      "custom"
    ],
    "bugs": {
      "url": "https://github.com/TimAstier/react-mini-hooks/issues"
    },
    "homepage": "https://github.com/TimAstier/react-mini-hooks#readme",
    "devDependencies": {
      "eslint": "5.8.0"
    }
  }

yarn manifest: 
  No manifest

Lockfile: 
  No lockfile
